[    3244ms] [VERBOSE] [DOM] Input elements should have autocomplete attributes (suggested: "current-password"): (More info: https://goo.gl/9p2vKq) %o @ http://localhost:3000/auth/login:0
[    3271ms] [INFO] %cDownload the React DevTools for a better development experience: https://react.dev/link/react-devtools font-weight:bold @ http://localhost:3000/_next/static/chunks/0wd._next_dist_0k9z7ny._.js:2431
[    3299ms] [LOG] [HMR] connected @ http://localhost:3000/_next/static/chunks/0wd._next_dist_0k9z7ny._.js:2431
[  105558ms] [LOG] [Fast Refresh] rebuilding @ http://localhost:3000/_next/static/chunks/0wd._next_dist_0k9z7ny._.js:2431
[  105577ms] [LOG] [Fast Refresh] done in 82ms @ http://localhost:3000/_next/static/chunks/0wd._next_dist_0k9z7ny._.js:2431
[  115976ms] [LOG] [Fast Refresh] rebuilding @ http://localhost:3000/_next/static/chunks/0wd._next_dist_0k9z7ny._.js:2431
[  115996ms] [LOG] [Fast Refresh] done in 40ms @ http://localhost:3000/_next/static/chunks/0wd._next_dist_0k9z7ny._.js:2431
[  124313ms] [LOG] [Fast Refresh] rebuilding @ http://localhost:3000/_next/static/chunks/0wd._next_dist_0k9z7ny._.js:2431
[  124332ms] [LOG] [Fast Refresh] done in 45ms @ http://localhost:3000/_next/static/chunks/0wd._next_dist_0k9z7ny._.js:2431
[  159024ms] [LOG] [Fast Refresh] rebuilding @ http://localhost:3000/_next/static/chunks/0wd._next_dist_0k9z7ny._.js:2431
[  159046ms] [LOG] [Fast Refresh] done in 41ms @ http://localhost:3000/_next/static/chunks/0wd._next_dist_0k9z7ny._.js:2431
[  191942ms] [LOG] [Fast Refresh] rebuilding @ http://localhost:3000/_next/static/chunks/0wd._next_dist_0k9z7ny._.js:2431
[  191967ms] [LOG] [Fast Refresh] done in 34ms @ http://localhost:3000/_next/static/chunks/0wd._next_dist_0k9z7ny._.js:2431
[  827792ms] [LOG] [Fast Refresh] rebuilding @ http://localhost:3000/_next/static/chunks/0wd._next_dist_0k9z7ny._.js:2431
[  827795ms] [LOG] [Fast Refresh] done in 104ms @ http://localhost:3000/_next/static/chunks/0wd._next_dist_0k9z7ny._.js:2431
[  943994ms] [LOG] [Fast Refresh] rebuilding @ http://localhost:3000/_next/static/chunks/0wd._next_dist_0k9z7ny._.js:2431
[  946308ms] [LOG] [Fast Refresh] done in 2414ms @ http://localhost:3000/_next/static/chunks/0wd._next_dist_0k9z7ny._.js:2431
[ 5238786ms] [LOG] [Fast Refresh] rebuilding @ http://localhost:3000/_next/static/chunks/0wd._next_dist_0k9z7ny._.js:2431
[ 5238820ms] [LOG] [Fast Refresh] done in 134ms @ http://localhost:3000/_next/static/chunks/0wd._next_dist_0k9z7ny._.js:2431
[ 7485911ms] [LOG] [Fast Refresh] rebuilding @ http://localhost:3000/_next/static/chunks/0wd._next_dist_0k9z7ny._.js:2431
[ 7486350ms] [LOG] [Fast Refresh] done in 544ms @ http://localhost:3000/_next/static/chunks/0wd._next_dist_0k9z7ny._.js:2431
[ 7506570ms] [LOG] [Fast Refresh] rebuilding @ http://localhost:3000/_next/static/chunks/0wd._next_dist_0k9z7ny._.js:2431
[ 7506785ms] [LOG] [Fast Refresh] done in 315ms @ http://localhost:3000/_next/static/chunks/0wd._next_dist_0k9z7ny._.js:2431
[ 8617011ms] [LOG] [Fast Refresh] rebuilding @ http://localhost:3000/_next/static/chunks/0wd._next_dist_0k9z7ny._.js:2431
[ 8617124ms] [LOG] [Fast Refresh] done in 215ms @ http://localhost:3000/_next/static/chunks/0wd._next_dist_0k9z7ny._.js:2431
[ 8619402ms] [ERROR] Failed to load resource: the server responded with a status of 500 (Internal Server Error) @ http://localhost:3000/app/evenements:0
[ 8619502ms] [INFO] %cDownload the React DevTools for a better development experience: https://react.dev/link/react-devtools font-weight:bold @ http://localhost:3000/_next/static/chunks/0wd._next_dist_0k9z7ny._.js:2431
[ 8619547ms] [LOG] [HMR] connected @ http://localhost:3000/_next/static/chunks/0wd._next_dist_0k9z7ny._.js:2431
[ 8619560ms] [ERROR] %c%s%c background: #e6e6e6;background: light-dark(rgba(0,0,0,0.1), rgba(255,255,255,0.25));color: #000000;color: light-dark(#000000, #ffffff);border-radius: 2px  Server   Error: Cookies can only be modified in a Server Action or Route Handler. Read more: https://nextjs.org/docs/app/api-reference/functions/cookies#options
    at setAll (about://React/Server/file:///home/mde/Code/personal/rural-community-platform/apps/web/.next/dev/server/chunks/ssr/_0c~8lw1._.js?0:23:33)
    at <anonymous> (about://React/Server/file:///home/mde/Code/personal/rural-community-platform/apps/web/.next/dev/server/chunks/ssr/0~y8_@supabase_auth-js_dist_module_12llr9o._.js?1:7656:21)
    at Function.all (<anonymous>:1:21)
    at SupabaseAuthClient._notifyAllSubscribers (about://React/Server/file:///home/mde/Code/personal/rural-community-platform/apps/web/.next/dev/server/chunks/ssr/0~y8_@supabase_auth-js_dist_module_12llr9o._.js?2:7661:13)
    at SupabaseAuthClient._removeSession (about://React/Server/file:///home/mde/Code/personal/rural-community-platform/apps/web/.next/dev/server/chunks/ssr/0~y8_@supabase_auth-js_dist_module_12llr9o._.js?3:7719:9)
    at SupabaseAuthClient._getUser (about://React/Server/file:///home/mde/Code/personal/rural-community-platform/apps/web/.next/dev/server/chunks/ssr/0~y8_@supabase_auth-js_dist_module_12llr9o._.js?4:6113:21)
    at <anonymous> (about://React/Server/file:///home/mde/Code/personal/rural-community-platform/apps/web/.next/dev/server/chunks/ssr/0~y8_@supabase_auth-js_dist_module_12llr9o._.js?5:6071:20)
    at <anonymous> (about://React/Server/file:///home/mde/Code/personal/rural-community-platform/apps/web/.next/dev/server/chunks/ssr/0~y8_@supabase_auth-js_dist_module_12llr9o._.js?6:5850:28)
    at resolveErrorDev (http://localhost:3000/_next/static/chunks/0wd._next_dist_compiled_react-server-dom-turbopack_0ztut98._.js:1919:105)
    at getOutlinedModel (http://localhost:3000/_next/static/chunks/0wd._next_dist_compiled_react-server-dom-turbopack_0ztut98._.js:1469:28)
    at parseModelString (http://localhost:3000/_next/static/chunks/0wd._next_dist_compiled_react-server-dom-turbopack_0ztut98._.js:1584:50)
    at reviveModel (http://localhost:3000/_next/static/chunks/0wd._next_dist_compiled_react-server-dom-turbopack_0ztut98._.js:2522:66)
    at parseModel (http://localhost:3000/_next/static/chunks/0wd._next_dist_compiled_react-server-dom-turbopack_0ztut98._.js:2517:16)
    at initializeModelChunk (http://localhost:3000/_next/static/chunks/0wd._next_dist_compiled_react-server-dom-turbopack_0ztut98._.js:1084:25)
    at getOutlinedModel (http://localhost:3000/_next/static/chunks/0wd._next_dist_compiled_react-server-dom-turbopack_0ztut98._.js:1407:17)
    at parseModelString (http://localhost:3000/_next/static/chunks/0wd._next_dist_compiled_react-server-dom-turbopack_0ztut98._.js:1639:50)
    at reviveModel (http://localhost:3000/_next/static/chunks/0wd._next_dist_compiled_react-server-dom-turbopack_0ztut98._.js:2522:66)
    at reviveModel (http://localhost:3000/_next/static/chunks/0wd._next_dist_compiled_react-server-dom-turbopack_0ztut98._.js:2525:61)
    at parseModel (http://localhost:3000/_next/static/chunks/0wd._next_dist_compiled_react-server-dom-turbopack_0ztut98._.js:2517:16)
    at initializeModelChunk (http://localhost:3000/_next/static/chunks/0wd._next_dist_compiled_react-server-dom-turbopack_0ztut98._.js:1084:25)
    at resolveConsoleEntry (http://localhost:3000/_next/static/chunks/0wd._next_dist_compiled_react-server-dom-turbopack_0ztut98._.js:2047:96)
    at processFullStringRow (http://localhost:3000/_next/static/chunks/0wd._next_dist_compiled_react-server-dom-turbopack_0ztut98._.js:2453:17)
    at processFullBinaryRow (http://localhost:3000/_next/static/chunks/0wd._next_dist_compiled_react-server-dom-turbopack_0ztut98._.js:2393:9)
    at processBinaryChunk (http://localhost:3000/_next/static/chunks/0wd._next_dist_compiled_react-server-dom-turbopack_0ztut98._.js:2502:221)
    at progress (http://localhost:3000/_next/static/chunks/0wd._next_dist_compiled_react-server-dom-turbopack_0ztut98._.js:2676:20) @ http://localhost:3000/_next/static/chunks/0wd._next_dist_0k9z7ny._.js:3272
[ 8619630ms] Error: Cookies can only be modified in a Server Action or Route Handler. Read more: https://nextjs.org/docs/app/api-reference/functions/cookies#options
    at setAll (about://React/Server/file:///home/mde/Code/personal/rural-community-platform/apps/web/.next/dev/server/chunks/ssr/_0c~8lw1._.js?0:23:33)
    at <anonymous> (about://React/Server/file:///home/mde/Code/personal/rural-community-platform/apps/web/.next/dev/server/chunks/ssr/0~y8_@supabase_auth-js_dist_module_12llr9o._.js?1:7656:21)
    at Function.all (<anonymous>:1:21)
    at SupabaseAuthClient._notifyAllSubscribers (about://React/Server/file:///home/mde/Code/personal/rural-community-platform/apps/web/.next/dev/server/chunks/ssr/0~y8_@supabase_auth-js_dist_module_12llr9o._.js?2:7661:13)
    at SupabaseAuthClient._removeSession (about://React/Server/file:///home/mde/Code/personal/rural-community-platform/apps/web/.next/dev/server/chunks/ssr/0~y8_@supabase_auth-js_dist_module_12llr9o._.js?3:7719:9)
    at SupabaseAuthClient._getUser (about://React/Server/file:///home/mde/Code/personal/rural-community-platform/apps/web/.next/dev/server/chunks/ssr/0~y8_@supabase_auth-js_dist_module_12llr9o._.js?4:6113:21)
    at <anonymous> (about://React/Server/file:///home/mde/Code/personal/rural-community-platform/apps/web/.next/dev/server/chunks/ssr/0~y8_@supabase_auth-js_dist_module_12llr9o._.js?5:6071:20)
    at <anonymous> (about://React/Server/file:///home/mde/Code/personal/rural-community-platform/apps/web/.next/dev/server/chunks/ssr/0~y8_@supabase_auth-js_dist_module_12llr9o._.js?6:5850:28)
    at resolveErrorDev (http://localhost:3000/_next/static/chunks/0wd._next_dist_compiled_react-server-dom-turbopack_0ztut98._.js:1919:105)
    at processFullStringRow (http://localhost:3000/_next/static/chunks/0wd._next_dist_compiled_react-server-dom-turbopack_0ztut98._.js:2434:29)
    at processFullBinaryRow (http://localhost:3000/_next/static/chunks/0wd._next_dist_compiled_react-server-dom-turbopack_0ztut98._.js:2393:9)
    at processBinaryChunk (http://localhost:3000/_next/static/chunks/0wd._next_dist_compiled_react-server-dom-turbopack_0ztut98._.js:2502:221)
    at progress (http://localhost:3000/_next/static/chunks/0wd._next_dist_compiled_react-server-dom-turbopack_0ztut98._.js:2689:13)
[ 8619768ms] [LOG] [Fast Refresh] rebuilding @ http://localhost:3000/_next/static/chunks/0wd._next_dist_0k9z7ny._.js:2431
[ 8619976ms] [LOG] [Fast Refresh] done in 308ms @ http://localhost:3000/_next/static/chunks/0wd._next_dist_0k9z7ny._.js:2431
