[    2372ms] [VERBOSE] [DOM] Input elements should have autocomplete attributes (suggested: "current-password"): (More info: https://goo.gl/9p2vKq) %o @ http://localhost:3002/auth/login:0
[    2454ms] [INFO] %cDownload the React DevTools for a better development experience: https://react.dev/link/react-devtools font-weight:bold @ http://localhost:3002/_next/static/chunks/0qe2_next_dist_12bl1xk._.js:2431
[    2563ms] [LOG] [HMR] connected @ http://localhost:3002/_next/static/chunks/0qe2_next_dist_12bl1xk._.js:2431
[    2722ms] [LOG] [Fast Refresh] rebuilding @ http://localhost:3002/_next/static/chunks/0qe2_next_dist_12bl1xk._.js:2431
[    3150ms] [LOG] [Fast Refresh] done in 528ms @ http://localhost:3002/_next/static/chunks/0qe2_next_dist_12bl1xk._.js:2431
[   22709ms] [ERROR] Failed to load resource: the server responded with a status of 400 (Bad Request) @ http://127.0.0.1:54321/auth/v1/token?grant_type=refresh_token:0
[   22718ms] [ERROR] AuthApiError: Invalid Refresh Token: Refresh Token Not Found
    at handleError (http://localhost:3002/_next/static/chunks/1233_%40supabase_auth-js_dist_module_03oehmw._.js:908:11)
    at async _handleRequest (http://localhost:3002/_next/static/chunks/1233_%40supabase_auth-js_dist_module_03oehmw._.js:958:9)
    at async _request (http://localhost:3002/_next/static/chunks/1233_%40supabase_auth-js_dist_module_03oehmw._.js:938:18)
    at async http://localhost:3002/_next/static/chunks/1233_%40supabase_auth-js_dist_module_03oehmw._.js:7486:24
    at async http://localhost:3002/_next/static/chunks/1233_%40supabase_auth-js_dist_module_03oehmw._.js:667:36 @ http://localhost:3002/_next/static/chunks/0qe2_next_dist_12bl1xk._.js:3272
[   22923ms] [LOG] [Fast Refresh] rebuilding @ http://localhost:3002/_next/static/chunks/0qe2_next_dist_12bl1xk._.js:2431
[   24374ms] [LOG] [Fast Refresh] done in 1552ms @ http://localhost:3002/_next/static/chunks/0qe2_next_dist_12bl1xk._.js:2431
[   24960ms] Error: Element type is invalid: expected a string (for built-in components) or a class/function (for composite components) but got: undefined. You likely forgot to export your component from the file it's defined in, or you might have mixed up default and named imports.

Check the render method of `PostTypeBadge`.
    at createFiberFromTypeAndProps (http://localhost:3002/_next/static/chunks/0qe2_next_dist_compiled_react-dom_0ifc1j4._.js:3167:32)
    at createFiberFromElement (http://localhost:3002/_next/static/chunks/0qe2_next_dist_compiled_react-dom_0ifc1j4._.js:3178:16)
    at createChild (http://localhost:3002/_next/static/chunks/0qe2_next_dist_compiled_react-dom_0ifc1j4._.js:4016:40)
    at reconcileChildrenArray (http://localhost:3002/_next/static/chunks/0qe2_next_dist_compiled_react-dom_0ifc1j4._.js:4129:72)
    at reconcileChildFibersImpl (http://localhost:3002/_next/static/chunks/0qe2_next_dist_compiled_react-dom_0ifc1j4._.js:4236:51)
    at http://localhost:3002/_next/static/chunks/0qe2_next_dist_compiled_react-dom_0ifc1j4._.js:4261:39
    at reconcileChildren (http://localhost:3002/_next/static/chunks/0qe2_next_dist_compiled_react-dom_0ifc1j4._.js:5898:51)
    at beginWork (http://localhost:3002/_next/static/chunks/0qe2_next_dist_compiled_react-dom_0ifc1j4._.js:6758:1573)
    at runWithFiberInDEV (http://localhost:3002/_next/static/chunks/0qe2_next_dist_compiled_react-dom_0ifc1j4._.js:965:74)
    at performUnitOfWork (http://localhost:3002/_next/static/chunks/0qe2_next_dist_compiled_react-dom_0ifc1j4._.js:9555:97)
    at workLoopSync (http://localhost:3002/_next/static/chunks/0qe2_next_dist_compiled_react-dom_0ifc1j4._.js:9449:40)
    at renderRootSync (http://localhost:3002/_next/static/chunks/0qe2_next_dist_compiled_react-dom_0ifc1j4._.js:9433:13)
    at performWorkOnRoot (http://localhost:3002/_next/static/chunks/0qe2_next_dist_compiled_react-dom_0ifc1j4._.js:9098:47)
    at performWorkOnRootViaSchedulerTask (http://localhost:3002/_next/static/chunks/0qe2_next_dist_compiled_react-dom_0ifc1j4._.js:10255:9)
    at MessagePort.performWorkUntilDeadline (http://localhost:3002/_next/static/chunks/0qe2_next_dist_compiled_0bdhnxd._.js:2647:64)
[   45103ms] [LOG] [Fast Refresh] rebuilding @ http://localhost:3002/_next/static/chunks/0qe2_next_dist_12bl1xk._.js:2431
[   45112ms] [LOG] [Fast Refresh] done in 108ms @ http://localhost:3002/_next/static/chunks/0qe2_next_dist_12bl1xk._.js:2431
[   45340ms] [ERROR] Failed to load resource: the server responded with a status of 404 (Not Found) @ http://localhost:3002/favicon.ico:0
[   48347ms] [WARNING] The resource http://localhost:3002/_next/static/chunks/%5Broot-of-the-server%5D__04l1a_9._.css was preloaded using link preload but not used within a few seconds from the window's load event. Please make sure it has an appropriate `as` value and it is preloaded intentionally. @ http://localhost:3002/app/feed:0
[   48347ms] [WARNING] The resource http://localhost:3002/_next/static/media/5c285b27cdda1fe8-s.p.0yo6-5yoeeudq.woff2 was preloaded using link preload but not used within a few seconds from the window's load event. Please make sure it has an appropriate `as` value and it is preloaded intentionally. @ http://localhost:3002/app/feed:0
[   71777ms] [LOG] [Fast Refresh] rebuilding @ http://localhost:3002/_next/static/chunks/0qe2_next_dist_12bl1xk._.js:2431
[   72045ms] [LOG] [Fast Refresh] done in 88ms @ http://localhost:3002/_next/static/chunks/0qe2_next_dist_12bl1xk._.js:2431
[   72915ms] [INFO] %cDownload the React DevTools for a better development experience: https://react.dev/link/react-devtools font-weight:bold @ http://localhost:3002/_next/static/chunks/0qe2_next_dist_12bl1xk._.js:2431
[   72969ms] [LOG] [HMR] connected @ http://localhost:3002/_next/static/chunks/0qe2_next_dist_12bl1xk._.js:2431
