[     109ms] [LOG] [Fast Refresh] rebuilding @ http://localhost:3002/_next/static/chunks/0qe2_next_dist_12bl1xk._.js:2431
[     456ms] [LOG] [Fast Refresh] done in 447ms @ http://localhost:3002/_next/static/chunks/0qe2_next_dist_12bl1xk._.js:2431
[    1172ms] [INFO] %cDownload the React DevTools for a better development experience: https://react.dev/link/react-devtools font-weight:bold @ http://localhost:3002/_next/static/chunks/0qe2_next_dist_12bl1xk._.js:2431
[    1196ms] [LOG] [HMR] connected @ http://localhost:3002/_next/static/chunks/0qe2_next_dist_12bl1xk._.js:2431
[10710796ms] [LOG] [Fast Refresh] rebuilding @ http://localhost:3002/_next/static/chunks/0qe2_next_dist_12bl1xk._.js:2431
[10711309ms] [ERROR] Failed to load resource: net::ERR_EMPTY_RESPONSE @ http://localhost:3002/app/posts/00000000-0000-0000-0000-000000001017?_rsc=1adxl:0
[10711310ms] [ERROR] Failed to fetch RSC payload for http://localhost:3002/app/posts/00000000-0000-0000-0000-000000001017. Falling back to browser navigation. TypeError: Failed to fetch
    at createFetch (http://localhost:3002/_next/static/chunks/0qe2_next_dist_client_0pleqwh._.js:8084:21)
    at fetchServerResponse (http://localhost:3002/_next/static/chunks/0qe2_next_dist_client_0pleqwh._.js:7928:27)
    at fetchMissingDynamicData (http://localhost:3002/_next/static/chunks/0qe2_next_dist_client_0pleqwh._.js:9341:75)
    at spawnDynamicRequests (http://localhost:3002/_next/static/chunks/0qe2_next_dist_client_0pleqwh._.js:9149:35)
    at navigateToKnownRoute (http://localhost:3002/_next/static/chunks/0qe2_next_dist_client_0pleqwh._.js:10033:54)
    at refreshDynamicData (http://localhost:3002/_next/static/chunks/0qe2_next_dist_client_0pleqwh._.js:10653:49)
    at hmrRefreshReducer (http://localhost:3002/_next/static/chunks/0qe2_next_dist_client_0pleqwh._.js:10802:51)
    at clientReducer (http://localhost:3002/_next/static/chunks/0qe2_next_dist_client_0pleqwh._.js:11398:65)
    at Object.action (http://localhost:3002/_next/static/chunks/0qe2_next_dist_client_0pleqwh._.js:11631:55)
    at runAction (http://localhost:3002/_next/static/chunks/0qe2_next_dist_client_0pleqwh._.js:11536:38)
    at dispatchAction (http://localhost:3002/_next/static/chunks/0qe2_next_dist_client_0pleqwh._.js:11599:9)
    at Object.dispatch (http://localhost:3002/_next/static/chunks/0qe2_next_dist_client_0pleqwh._.js:11629:40)
    at http://localhost:3002/_next/static/chunks/0qe2_next_dist_client_0pleqwh._.js:963:29
    at startTransition (http://localhost:3002/_next/static/chunks/0qe2_next_dist_compiled_react-dom_0ifc1j4._.js:5469:31)
    at nextDispatch (http://localhost:3002/_next/static/chunks/0qe2_next_dist_client_0pleqwh._.js:962:13)
    at dispatchAppRouterAction (http://localhost:3002/_next/static/chunks/0qe2_next_dist_client_0pleqwh._.js:922:5)
    at http://localhost:3002/_next/static/chunks/0qe2_next_dist_client_0pleqwh._.js:11800:61
    at startTransition (http://localhost:3002/_next/static/chunks/0qe2_next_dist_compiled_0bdhnxd._.js:1279:31)
    at Object.hmrRefresh (http://localhost:3002/_next/static/chunks/0qe2_next_dist_client_0pleqwh._.js:11799:40)
    at http://localhost:3002/_next/static/chunks/0qe2_next_dist_client_0pleqwh._.js:13967:64
    at startTransition (http://localhost:3002/_next/static/chunks/0qe2_next_dist_compiled_0bdhnxd._.js:1279:31)
    at processMessage (http://localhost:3002/_next/static/chunks/0qe2_next_dist_client_0pleqwh._.js:13966:44)
    at WebSocket.handleMessage (http://localhost:3002/_next/static/chunks/0qe2_next_dist_client_0pleqwh._.js:13335:52) @ http://localhost:3002/_next/static/chunks/0qe2_next_dist_12bl1xk._.js:3272
[10711318ms] [ERROR] WebSocket is already in CLOSING or CLOSED state. @ http://localhost:3002/_next/static/chunks/0qe2_next_dist_12bl1xk._.js:2790
[10711321ms] [ERROR] Failed to load resource: net::ERR_CONNECTION_REFUSED @ http://localhost:3002/__nextjs_original-stack-frames:0
